[debug] [2021-03-31T15:01:00.951Z] ----------------------------------------------------------------------
[debug] [2021-03-31T15:01:00.953Z] Command:       C:\Program Files (x86)\nodejs\node.exe C:\Users\Administrador\AppData\Roaming\npm\node_modules\firebase-tools\lib\bin\firebase.js serve
[debug] [2021-03-31T15:01:00.953Z] CLI Version:   9.6.1
[debug] [2021-03-31T15:01:00.953Z] Platform:      win32
[debug] [2021-03-31T15:01:00.954Z] Node Version:  v12.21.0
[debug] [2021-03-31T15:01:00.955Z] Time:          Wed Mar 31 2021 10:01:00 GMT-0500 (GMT-05:00)
[debug] [2021-03-31T15:01:00.955Z] ----------------------------------------------------------------------
[debug] [2021-03-31T15:01:00.955Z] 
[debug] [2021-03-31T15:01:00.961Z] > command requires scopes: ["email","openid","https://www.googleapis.com/auth/cloudplatformprojects.readonly","https://www.googleapis.com/auth/firebase","https://www.googleapis.com/auth/cloud-platform"]
[debug] [2021-03-31T15:01:00.962Z] > authorizing via signed-in user
[debug] [2021-03-31T15:01:00.962Z] [iam] checking project corporacionaquaperu for permissions ["firebase.projects.get"]
[debug] [2021-03-31T15:01:00.964Z] > refreshing access token with scopes: ["email","https://www.googleapis.com/auth/cloud-platform","https://www.googleapis.com/auth/cloudplatformprojects.readonly","https://www.googleapis.com/auth/firebase","openid"]
[debug] [2021-03-31T15:01:00.964Z] >>> HTTP REQUEST POST https://www.googleapis.com/oauth2/v3/token  
 <request body omitted>
[debug] [2021-03-31T15:01:01.261Z] <<< HTTP RESPONSE 200 {"date":"Wed, 31 Mar 2021 15:01:00 GMT","pragma":"no-cache","expires":"Mon, 01 Jan 1990 00:00:00 GMT","cache-control":"no-cache, no-store, max-age=0, must-revalidate","content-type":"application/json; charset=utf-8","vary":"X-Origin, Referer, Origin,Accept-Encoding","server":"scaffolding on HTTPServer2","x-xss-protection":"0","x-frame-options":"SAMEORIGIN","x-content-type-options":"nosniff","alt-svc":"h3-29=\":443\"; ma=2592000,h3-T051=\":443\"; ma=2592000,h3-Q050=\":443\"; ma=2592000,h3-Q046=\":443\"; ma=2592000,h3-Q043=\":443\"; ma=2592000,quic=\":443\"; ma=2592000; v=\"46,43\"","accept-ranges":"none","transfer-encoding":"chunked"}
[debug] [2021-03-31T15:01:01.306Z] >>> HTTP REQUEST POST https://cloudresourcemanager.googleapis.com/v1/projects/corporacionaquaperu:testIamPermissions  
 {"permissions":["firebase.projects.get"]}
[debug] [2021-03-31T15:01:02.479Z] <<< HTTP RESPONSE 200 {"content-type":"application/json; charset=UTF-8","vary":"X-Origin, Referer, Origin,Accept-Encoding","date":"Wed, 31 Mar 2021 15:01:01 GMT","server":"ESF","cache-control":"private","x-xss-protection":"0","x-frame-options":"SAMEORIGIN","x-content-type-options":"nosniff","server-timing":"gfet4t7; dur=840","alt-svc":"h3-29=\":443\"; ma=2592000,h3-T051=\":443\"; ma=2592000,h3-Q050=\":443\"; ma=2592000,h3-Q046=\":443\"; ma=2592000,h3-Q043=\":443\"; ma=2592000,quic=\":443\"; ma=2592000; v=\"46,43\"","accept-ranges":"none","transfer-encoding":"chunked"}
[debug] [2021-03-31T15:01:02.484Z] > refreshing access token with scopes: []
[debug] [2021-03-31T15:01:02.485Z] >>> HTTP REQUEST POST https://www.googleapis.com/oauth2/v3/token  
 <request body omitted>
[debug] [2021-03-31T15:01:02.733Z] <<< HTTP RESPONSE 200 {"expires":"Mon, 01 Jan 1990 00:00:00 GMT","date":"Wed, 31 Mar 2021 15:01:01 GMT","cache-control":"no-cache, no-store, max-age=0, must-revalidate","pragma":"no-cache","content-type":"application/json; charset=utf-8","vary":"X-Origin, Referer, Origin,Accept-Encoding","server":"scaffolding on HTTPServer2","x-xss-protection":"0","x-frame-options":"SAMEORIGIN","x-content-type-options":"nosniff","alt-svc":"h3-29=\":443\"; ma=2592000,h3-T051=\":443\"; ma=2592000,h3-Q050=\":443\"; ma=2592000,h3-Q046=\":443\"; ma=2592000,h3-Q043=\":443\"; ma=2592000,quic=\":443\"; ma=2592000; v=\"46,43\"","accept-ranges":"none","transfer-encoding":"chunked"}
[debug] [2021-03-31T15:01:02.768Z] >>> [apiv2][query] GET https://firebase.googleapis.com/v1beta1/projects/corporacionaquaperu [none]
[debug] [2021-03-31T15:01:03.885Z] <<< [apiv2][status] GET https://firebase.googleapis.com/v1beta1/projects/corporacionaquaperu 200
[debug] [2021-03-31T15:01:03.886Z] <<< [apiv2][body] GET https://firebase.googleapis.com/v1beta1/projects/corporacionaquaperu {"projectId":"corporacionaquaperu","projectNumber":"586173362153","displayName":"corporacionaquaperu","name":"projects/corporacionaquaperu","resources":{"hostingSite":"corporacionaquaperu","realtimeDatabaseInstance":"corporacionaquaperu","storageBucket":"corporacionaquaperu.appspot.com","locationId":"us-central"},"state":"ACTIVE"}
[info] 
[info] === Serving from 'D:\gqr'...
[info] 
[info] +  functions: Using node@12 from host. {"metadata":{"emulator":{"name":"functions"},"message":"Using node@12 from host."}}
[debug] [2021-03-31T15:01:03.909Z] defaultcredentials: writing to file C:\Users\Administrador\AppData\Roaming\firebase\ingdantev_gmail_com_application_default_credentials.json
[debug] [2021-03-31T15:01:03.914Z] Setting GAC to C:\Users\Administrador\AppData\Roaming\firebase\ingdantev_gmail_com_application_default_credentials.json {"metadata":{"emulator":{"name":"functions"},"message":"Setting GAC to C:\\Users\\Administrador\\AppData\\Roaming\\firebase\\ingdantev_gmail_com_application_default_credentials.json"}}
[debug] [2021-03-31T15:01:03.915Z] >>> [apiv2][query] GET https://firebase.googleapis.com/v1beta1/projects/corporacionaquaperu/adminSdkConfig [none]
[debug] [2021-03-31T15:01:04.450Z] <<< [apiv2][status] GET https://firebase.googleapis.com/v1beta1/projects/corporacionaquaperu/adminSdkConfig 200
[debug] [2021-03-31T15:01:04.451Z] <<< [apiv2][body] GET https://firebase.googleapis.com/v1beta1/projects/corporacionaquaperu/adminSdkConfig {"projectId":"corporacionaquaperu","databaseURL":"https://corporacionaquaperu.firebaseio.com","storageBucket":"corporacionaquaperu.appspot.com","locationId":"us-central"}
[info] i  functions: Watching "D:\gqr\functions" for Cloud Functions... {"metadata":{"emulator":{"name":"functions"},"message":"Watching \"D:\\gqr\\functions\" for Cloud Functions..."}}
[debug] [2021-03-31T15:01:04.532Z] [worker-pool] addWorker(~diagnostic~) {"metadata":{"emulator":{"name":"functions"},"message":"[worker-pool] addWorker(~diagnostic~)"}}
[debug] [2021-03-31T15:01:04.532Z] [worker-pool] Adding worker with key ~diagnostic~, total=1 {"metadata":{"emulator":{"name":"functions"},"message":"[worker-pool] Adding worker with key ~diagnostic~, total=1"}}
[debug] [2021-03-31T15:01:04.533Z] [worker-pool] submitWork(triggerId=) {"metadata":{"emulator":{"name":"functions"},"message":"[worker-pool] submitWork(triggerId=)"}}
[debug] [2021-03-31T15:01:04.533Z] [worker-~diagnostic~-4f781898-9f3b-4a14-ac15-3e0e76f84ba9]: Assigning socketPath: \\?\pipe\D:\gqr\functions\12084 {"metadata":{"emulator":{"name":"functions"},"message":"[worker-~diagnostic~-4f781898-9f3b-4a14-ac15-3e0e76f84ba9]: Assigning socketPath: \\\\?\\pipe\\D:\\gqr\\functions\\12084"}}
[debug] [2021-03-31T15:01:04.534Z] [worker-~diagnostic~-4f781898-9f3b-4a14-ac15-3e0e76f84ba9]: BUSY {"metadata":{"emulator":{"name":"functions"},"message":"[worker-~diagnostic~-4f781898-9f3b-4a14-ac15-3e0e76f84ba9]: BUSY"}}
[debug] [2021-03-31T15:01:04.748Z] [runtime-status] [12084] Functions runtime initialized. {"cwd":"D:\\gqr\\functions","node_version":"12.21.0"} {"metadata":{"emulator":{"name":"functions"},"message":"[runtime-status] [12084] Functions runtime initialized. {\"cwd\":\"D:\\\\gqr\\\\functions\",\"node_version\":\"12.21.0\"}"}}
[debug] [2021-03-31T15:01:04.749Z] [runtime-status] [12084] Disabled runtime features: undefined {"metadata":{"emulator":{"name":"functions"},"message":"[runtime-status] [12084] Disabled runtime features: undefined"}}
[debug] [2021-03-31T15:01:04.752Z] [runtime-status] [12084] Resolved module firebase-admin {"declared":true,"installed":true,"version":"9.5.0","resolution":"D:\\gqr\\functions\\node_modules\\firebase-admin\\lib\\index.js"} {"metadata":{"emulator":{"name":"functions"},"message":"[runtime-status] [12084] Resolved module firebase-admin {\"declared\":true,\"installed\":true,\"version\":\"9.5.0\",\"resolution\":\"D:\\\\gqr\\\\functions\\\\node_modules\\\\firebase-admin\\\\lib\\\\index.js\"}"}}
[debug] [2021-03-31T15:01:04.754Z] [runtime-status] [12084] Resolved module firebase-functions {"declared":true,"installed":true,"version":"3.13.2","resolution":"D:\\gqr\\functions\\node_modules\\firebase-functions\\lib\\index.js"} {"metadata":{"emulator":{"name":"functions"},"message":"[runtime-status] [12084] Resolved module firebase-functions {\"declared\":true,\"installed\":true,\"version\":\"3.13.2\",\"resolution\":\"D:\\\\gqr\\\\functions\\\\node_modules\\\\firebase-functions\\\\lib\\\\index.js\"}"}}
[debug] [2021-03-31T15:01:04.755Z] [runtime-status] [12084] Resolved module firebase-functions {"declared":true,"installed":true,"version":"3.13.2","resolution":"D:\\gqr\\functions\\node_modules\\firebase-functions\\lib\\index.js"} {"metadata":{"emulator":{"name":"functions"},"message":"[runtime-status] [12084] Resolved module firebase-functions {\"declared\":true,\"installed\":true,\"version\":\"3.13.2\",\"resolution\":\"D:\\\\gqr\\\\functions\\\\node_modules\\\\firebase-functions\\\\lib\\\\index.js\"}"}}
[debug] [2021-03-31T15:01:04.756Z] [runtime-status] [12084] Outgoing network have been stubbed. [{"name":"http","status":"mocked"},{"name":"http","status":"mocked"},{"name":"https","status":"mocked"},{"name":"https","status":"mocked"},{"name":"net","status":"mocked"}] {"metadata":{"emulator":{"name":"functions"},"message":"[runtime-status] [12084] Outgoing network have been stubbed. [{\"name\":\"http\",\"status\":\"mocked\"},{\"name\":\"http\",\"status\":\"mocked\"},{\"name\":\"https\",\"status\":\"mocked\"},{\"name\":\"https\",\"status\":\"mocked\"},{\"name\":\"net\",\"status\":\"mocked\"}]"}}
[debug] [2021-03-31T15:01:04.757Z] [runtime-status] [12084] Resolved module firebase-functions {"declared":true,"installed":true,"version":"3.13.2","resolution":"D:\\gqr\\functions\\node_modules\\firebase-functions\\lib\\index.js"} {"metadata":{"emulator":{"name":"functions"},"message":"[runtime-status] [12084] Resolved module firebase-functions {\"declared\":true,\"installed\":true,\"version\":\"3.13.2\",\"resolution\":\"D:\\\\gqr\\\\functions\\\\node_modules\\\\firebase-functions\\\\lib\\\\index.js\"}"}}
[debug] [2021-03-31T15:01:04.799Z] [runtime-status] [12084] Checked functions.config() {"config":{}} {"metadata":{"emulator":{"name":"functions"},"message":"[runtime-status] [12084] Checked functions.config() {\"config\":{}}"}}
[debug] [2021-03-31T15:01:04.799Z] [runtime-status] [12084] firebase-functions has been stubbed. {"functionsResolution":{"declared":true,"installed":true,"version":"3.13.2","resolution":"D:\\gqr\\functions\\node_modules\\firebase-functions\\lib\\index.js"}} {"metadata":{"emulator":{"name":"functions"},"message":"[runtime-status] [12084] firebase-functions has been stubbed. {\"functionsResolution\":{\"declared\":true,\"installed\":true,\"version\":\"3.13.2\",\"resolution\":\"D:\\\\gqr\\\\functions\\\\node_modules\\\\firebase-functions\\\\lib\\\\index.js\"}}"}}
[debug] [2021-03-31T15:01:04.799Z] [runtime-status] [12084] Resolved module firebase-functions {"declared":true,"installed":true,"version":"3.13.2","resolution":"D:\\gqr\\functions\\node_modules\\firebase-functions\\lib\\index.js"} {"metadata":{"emulator":{"name":"functions"},"message":"[runtime-status] [12084] Resolved module firebase-functions {\"declared\":true,\"installed\":true,\"version\":\"3.13.2\",\"resolution\":\"D:\\\\gqr\\\\functions\\\\node_modules\\\\firebase-functions\\\\lib\\\\index.js\"}"}}
[debug] [2021-03-31T15:01:04.800Z] [runtime-status] [12084] Resolved module firebase-admin {"declared":true,"installed":true,"version":"9.5.0","resolution":"D:\\gqr\\functions\\node_modules\\firebase-admin\\lib\\index.js"} {"metadata":{"emulator":{"name":"functions"},"message":"[runtime-status] [12084] Resolved module firebase-admin {\"declared\":true,\"installed\":true,\"version\":\"9.5.0\",\"resolution\":\"D:\\\\gqr\\\\functions\\\\node_modules\\\\firebase-admin\\\\lib\\\\index.js\"}"}}
[debug] [2021-03-31T15:01:04.801Z] [runtime-status] [12084] Resolved module firebase-functions {"declared":true,"installed":true,"version":"3.13.2","resolution":"D:\\gqr\\functions\\node_modules\\firebase-functions\\lib\\index.js"} {"metadata":{"emulator":{"name":"functions"},"message":"[runtime-status] [12084] Resolved module firebase-functions {\"declared\":true,\"installed\":true,\"version\":\"3.13.2\",\"resolution\":\"D:\\\\gqr\\\\functions\\\\node_modules\\\\firebase-functions\\\\lib\\\\index.js\"}"}}
[debug] [2021-03-31T15:01:04.801Z] [runtime-status] [12084] firebase-admin has been stubbed. {"adminResolution":{"declared":true,"installed":true,"version":"9.5.0","resolution":"D:\\gqr\\functions\\node_modules\\firebase-admin\\lib\\index.js"}} {"metadata":{"emulator":{"name":"functions"},"message":"[runtime-status] [12084] firebase-admin has been stubbed. {\"adminResolution\":{\"declared\":true,\"installed\":true,\"version\":\"9.5.0\",\"resolution\":\"D:\\\\gqr\\\\functions\\\\node_modules\\\\firebase-admin\\\\lib\\\\index.js\"}}"}}
[warn] !  Error: Unable to infer GraphQL type from TypeScript reflection system. You need to provide explicit type for 'id' of 'User' class.
    at Object.findType (D:\gqr\functions\node_modules\type-graphql\dist\helpers\findType.js:19:15)
    at D:\gqr\functions\node_modules\type-graphql\dist\decorators\Field.js:16:53
    at DecorateProperty (D:\gqr\functions\node_modules\reflect-metadata\Reflect.js:553:33)
    at Object.decorate (D:\gqr\functions\node_modules\reflect-metadata\Reflect.js:123:24)
    at __decorate (D:\gqr\functions\lib\graphql\resolvers\user\userInput\userInput.js:4:92)
    at Object.<anonymous> (D:\gqr\functions\lib\graphql\resolvers\user\userInput\userInput.js:23:1)
    at Module._compile (internal/modules/cjs/loader.js:999:30)
    at Object.Module._extensions..js (internal/modules/cjs/loader.js:1027:10)
    at Module.load (internal/modules/cjs/loader.js:863:32)
    at Function.Module._load (internal/modules/cjs/loader.js:708:14) {"metadata":{"emulator":{"name":"functions"},"message":"Error: Unable to infer GraphQL type from TypeScript reflection system. You need to provide explicit type for 'id' of 'User' class.\n    at Object.findType (D:\\gqr\\functions\\node_modules\\type-graphql\\dist\\helpers\\findType.js:19:15)\n    at D:\\gqr\\functions\\node_modules\\type-graphql\\dist\\decorators\\Field.js:16:53\n    at DecorateProperty (D:\\gqr\\functions\\node_modules\\reflect-metadata\\Reflect.js:553:33)\n    at Object.decorate (D:\\gqr\\functions\\node_modules\\reflect-metadata\\Reflect.js:123:24)\n    at __decorate (D:\\gqr\\functions\\lib\\graphql\\resolvers\\user\\userInput\\userInput.js:4:92)\n    at Object.<anonymous> (D:\\gqr\\functions\\lib\\graphql\\resolvers\\user\\userInput\\userInput.js:23:1)\n    at Module._compile (internal/modules/cjs/loader.js:999:30)\n    at Object.Module._extensions..js (internal/modules/cjs/loader.js:1027:10)\n    at Module.load (internal/modules/cjs/loader.js:863:32)\n    at Function.Module._load (internal/modules/cjs/loader.js:708:14)"}}
[warn] !  We were unable to load your functions code. (see above)
   - You may be able to run "npm run build" in your functions directory to resolve this. {"metadata":{"emulator":{"name":"functions"}}}
[debug] [2021-03-31T15:01:05.290Z] [worker-~diagnostic~-4f781898-9f3b-4a14-ac15-3e0e76f84ba9]: exited {"metadata":{"emulator":{"name":"functions"},"message":"[worker-~diagnostic~-4f781898-9f3b-4a14-ac15-3e0e76f84ba9]: exited"}}
[debug] [2021-03-31T15:01:05.290Z] [worker-~diagnostic~-4f781898-9f3b-4a14-ac15-3e0e76f84ba9]: FINISHED {"metadata":{"emulator":{"name":"functions"},"message":"[worker-~diagnostic~-4f781898-9f3b-4a14-ac15-3e0e76f84ba9]: FINISHED"}}
[debug] [2021-03-31T15:02:11.793Z] File D:\gqr\functions\src\graphql\resolvers\user\userResolvers\registerUserResolver.ts changed, reloading triggers {"metadata":{"emulator":{"name":"functions"},"message":"File D:\\gqr\\functions\\src\\graphql\\resolvers\\user\\userResolvers\\registerUserResolver.ts changed, reloading triggers"}}
[debug] [2021-03-31T15:02:12.796Z] [worker-pool] Cleaned up workers for ~diagnostic~: 1 --> 0 {"metadata":{"emulator":{"name":"functions"},"message":"[worker-pool] Cleaned up workers for ~diagnostic~: 1 --> 0"}}
[debug] [2021-03-31T15:02:12.809Z] [worker-pool] addWorker(~diagnostic~) {"metadata":{"emulator":{"name":"functions"},"message":"[worker-pool] addWorker(~diagnostic~)"}}
[debug] [2021-03-31T15:02:12.810Z] [worker-pool] Adding worker with key ~diagnostic~, total=1 {"metadata":{"emulator":{"name":"functions"},"message":"[worker-pool] Adding worker with key ~diagnostic~, total=1"}}
[debug] [2021-03-31T15:02:12.810Z] [worker-pool] submitWork(triggerId=) {"metadata":{"emulator":{"name":"functions"},"message":"[worker-pool] submitWork(triggerId=)"}}
[debug] [2021-03-31T15:02:12.810Z] [worker-~diagnostic~-e4a71444-8b7b-4929-8d74-67640668316b]: Assigning socketPath: \\?\pipe\D:\gqr\functions\10408 {"metadata":{"emulator":{"name":"functions"},"message":"[worker-~diagnostic~-e4a71444-8b7b-4929-8d74-67640668316b]: Assigning socketPath: \\\\?\\pipe\\D:\\gqr\\functions\\10408"}}
[debug] [2021-03-31T15:02:12.811Z] [worker-~diagnostic~-e4a71444-8b7b-4929-8d74-67640668316b]: BUSY {"metadata":{"emulator":{"name":"functions"},"message":"[worker-~diagnostic~-e4a71444-8b7b-4929-8d74-67640668316b]: BUSY"}}
[debug] [2021-03-31T15:02:13.083Z] [runtime-status] [10408] Functions runtime initialized. {"cwd":"D:\\gqr\\functions","node_version":"12.21.0"} {"metadata":{"emulator":{"name":"functions"},"message":"[runtime-status] [10408] Functions runtime initialized. {\"cwd\":\"D:\\\\gqr\\\\functions\",\"node_version\":\"12.21.0\"}"}}
[debug] [2021-03-31T15:02:13.086Z] [runtime-status] [10408] Disabled runtime features: undefined {"metadata":{"emulator":{"name":"functions"},"message":"[runtime-status] [10408] Disabled runtime features: undefined"}}
[debug] [2021-03-31T15:02:13.090Z] [runtime-status] [10408] Resolved module firebase-admin {"declared":true,"installed":true,"version":"9.5.0","resolution":"D:\\gqr\\functions\\node_modules\\firebase-admin\\lib\\index.js"} {"metadata":{"emulator":{"name":"functions"},"message":"[runtime-status] [10408] Resolved module firebase-admin {\"declared\":true,\"installed\":true,\"version\":\"9.5.0\",\"resolution\":\"D:\\\\gqr\\\\functions\\\\node_modules\\\\firebase-admin\\\\lib\\\\index.js\"}"}}
[debug] [2021-03-31T15:02:13.093Z] [runtime-status] [10408] Resolved module firebase-functions {"declared":true,"installed":true,"version":"3.13.2","resolution":"D:\\gqr\\functions\\node_modules\\firebase-functions\\lib\\index.js"} {"metadata":{"emulator":{"name":"functions"},"message":"[runtime-status] [10408] Resolved module firebase-functions {\"declared\":true,\"installed\":true,\"version\":\"3.13.2\",\"resolution\":\"D:\\\\gqr\\\\functions\\\\node_modules\\\\firebase-functions\\\\lib\\\\index.js\"}"}}
[debug] [2021-03-31T15:02:13.094Z] [runtime-status] [10408] Resolved module firebase-functions {"declared":true,"installed":true,"version":"3.13.2","resolution":"D:\\gqr\\functions\\node_modules\\firebase-functions\\lib\\index.js"} {"metadata":{"emulator":{"name":"functions"},"message":"[runtime-status] [10408] Resolved module firebase-functions {\"declared\":true,\"installed\":true,\"version\":\"3.13.2\",\"resolution\":\"D:\\\\gqr\\\\functions\\\\node_modules\\\\firebase-functions\\\\lib\\\\index.js\"}"}}
[debug] [2021-03-31T15:02:13.096Z] [runtime-status] [10408] Outgoing network have been stubbed. [{"name":"http","status":"mocked"},{"name":"http","status":"mocked"},{"name":"https","status":"mocked"},{"name":"https","status":"mocked"},{"name":"net","status":"mocked"}] {"metadata":{"emulator":{"name":"functions"},"message":"[runtime-status] [10408] Outgoing network have been stubbed. [{\"name\":\"http\",\"status\":\"mocked\"},{\"name\":\"http\",\"status\":\"mocked\"},{\"name\":\"https\",\"status\":\"mocked\"},{\"name\":\"https\",\"status\":\"mocked\"},{\"name\":\"net\",\"status\":\"mocked\"}]"}}
[debug] [2021-03-31T15:02:13.097Z] [runtime-status] [10408] Resolved module firebase-functions {"declared":true,"installed":true,"version":"3.13.2","resolution":"D:\\gqr\\functions\\node_modules\\firebase-functions\\lib\\index.js"} {"metadata":{"emulator":{"name":"functions"},"message":"[runtime-status] [10408] Resolved module firebase-functions {\"declared\":true,\"installed\":true,\"version\":\"3.13.2\",\"resolution\":\"D:\\\\gqr\\\\functions\\\\node_modules\\\\firebase-functions\\\\lib\\\\index.js\"}"}}
[debug] [2021-03-31T15:02:13.175Z] [runtime-status] [10408] Checked functions.config() {"config":{}} {"metadata":{"emulator":{"name":"functions"},"message":"[runtime-status] [10408] Checked functions.config() {\"config\":{}}"}}
[debug] [2021-03-31T15:02:13.175Z] [runtime-status] [10408] firebase-functions has been stubbed. {"functionsResolution":{"declared":true,"installed":true,"version":"3.13.2","resolution":"D:\\gqr\\functions\\node_modules\\firebase-functions\\lib\\index.js"}} {"metadata":{"emulator":{"name":"functions"},"message":"[runtime-status] [10408] firebase-functions has been stubbed. {\"functionsResolution\":{\"declared\":true,\"installed\":true,\"version\":\"3.13.2\",\"resolution\":\"D:\\\\gqr\\\\functions\\\\node_modules\\\\firebase-functions\\\\lib\\\\index.js\"}}"}}
[debug] [2021-03-31T15:02:13.176Z] [runtime-status] [10408] Resolved module firebase-functions {"declared":true,"installed":true,"version":"3.13.2","resolution":"D:\\gqr\\functions\\node_modules\\firebase-functions\\lib\\index.js"} {"metadata":{"emulator":{"name":"functions"},"message":"[runtime-status] [10408] Resolved module firebase-functions {\"declared\":true,\"installed\":true,\"version\":\"3.13.2\",\"resolution\":\"D:\\\\gqr\\\\functions\\\\node_modules\\\\firebase-functions\\\\lib\\\\index.js\"}"}}
[debug] [2021-03-31T15:02:13.177Z] [runtime-status] [10408] Resolved module firebase-admin {"declared":true,"installed":true,"version":"9.5.0","resolution":"D:\\gqr\\functions\\node_modules\\firebase-admin\\lib\\index.js"} {"metadata":{"emulator":{"name":"functions"},"message":"[runtime-status] [10408] Resolved module firebase-admin {\"declared\":true,\"installed\":true,\"version\":\"9.5.0\",\"resolution\":\"D:\\\\gqr\\\\functions\\\\node_modules\\\\firebase-admin\\\\lib\\\\index.js\"}"}}
[debug] [2021-03-31T15:02:13.177Z] [runtime-status] [10408] Resolved module firebase-functions {"declared":true,"installed":true,"version":"3.13.2","resolution":"D:\\gqr\\functions\\node_modules\\firebase-functions\\lib\\index.js"} {"metadata":{"emulator":{"name":"functions"},"message":"[runtime-status] [10408] Resolved module firebase-functions {\"declared\":true,\"installed\":true,\"version\":\"3.13.2\",\"resolution\":\"D:\\\\gqr\\\\functions\\\\node_modules\\\\firebase-functions\\\\lib\\\\index.js\"}"}}
[debug] [2021-03-31T15:02:13.178Z] [runtime-status] [10408] firebase-admin has been stubbed. {"adminResolution":{"declared":true,"installed":true,"version":"9.5.0","resolution":"D:\\gqr\\functions\\node_modules\\firebase-admin\\lib\\index.js"}} {"metadata":{"emulator":{"name":"functions"},"message":"[runtime-status] [10408] firebase-admin has been stubbed. {\"adminResolution\":{\"declared\":true,\"installed\":true,\"version\":\"9.5.0\",\"resolution\":\"D:\\\\gqr\\\\functions\\\\node_modules\\\\firebase-admin\\\\lib\\\\index.js\"}}"}}
[warn] !  Error: Unable to infer GraphQL type from TypeScript reflection system. You need to provide explicit type for 'id' of 'User' class.
    at Object.findType (D:\gqr\functions\node_modules\type-graphql\dist\helpers\findType.js:19:15)
    at D:\gqr\functions\node_modules\type-graphql\dist\decorators\Field.js:16:53
    at DecorateProperty (D:\gqr\functions\node_modules\reflect-metadata\Reflect.js:553:33)
    at Object.decorate (D:\gqr\functions\node_modules\reflect-metadata\Reflect.js:123:24)
    at __decorate (D:\gqr\functions\lib\graphql\resolvers\user\userInput\userInput.js:4:92)
    at Object.<anonymous> (D:\gqr\functions\lib\graphql\resolvers\user\userInput\userInput.js:23:1)
    at Module._compile (internal/modules/cjs/loader.js:999:30)
    at Object.Module._extensions..js (internal/modules/cjs/loader.js:1027:10)
    at Module.load (internal/modules/cjs/loader.js:863:32)
    at Function.Module._load (internal/modules/cjs/loader.js:708:14) {"metadata":{"emulator":{"name":"functions"},"message":"Error: Unable to infer GraphQL type from TypeScript reflection system. You need to provide explicit type for 'id' of 'User' class.\n    at Object.findType (D:\\gqr\\functions\\node_modules\\type-graphql\\dist\\helpers\\findType.js:19:15)\n    at D:\\gqr\\functions\\node_modules\\type-graphql\\dist\\decorators\\Field.js:16:53\n    at DecorateProperty (D:\\gqr\\functions\\node_modules\\reflect-metadata\\Reflect.js:553:33)\n    at Object.decorate (D:\\gqr\\functions\\node_modules\\reflect-metadata\\Reflect.js:123:24)\n    at __decorate (D:\\gqr\\functions\\lib\\graphql\\resolvers\\user\\userInput\\userInput.js:4:92)\n    at Object.<anonymous> (D:\\gqr\\functions\\lib\\graphql\\resolvers\\user\\userInput\\userInput.js:23:1)\n    at Module._compile (internal/modules/cjs/loader.js:999:30)\n    at Object.Module._extensions..js (internal/modules/cjs/loader.js:1027:10)\n    at Module.load (internal/modules/cjs/loader.js:863:32)\n    at Function.Module._load (internal/modules/cjs/loader.js:708:14)"}}
[warn] !  We were unable to load your functions code. (see above)
   - You may be able to run "npm run build" in your functions directory to resolve this. {"metadata":{"emulator":{"name":"functions"}}}
[debug] [2021-03-31T15:02:13.843Z] [worker-~diagnostic~-e4a71444-8b7b-4929-8d74-67640668316b]: exited {"metadata":{"emulator":{"name":"functions"},"message":"[worker-~diagnostic~-e4a71444-8b7b-4929-8d74-67640668316b]: exited"}}
[debug] [2021-03-31T15:02:13.844Z] [worker-~diagnostic~-e4a71444-8b7b-4929-8d74-67640668316b]: FINISHED {"metadata":{"emulator":{"name":"functions"},"message":"[worker-~diagnostic~-e4a71444-8b7b-4929-8d74-67640668316b]: FINISHED"}}
[debug] [2021-03-31T15:02:44.990Z] ----------------------------------------------------------------------
[debug] [2021-03-31T15:02:44.991Z] Command:       C:\Program Files (x86)\nodejs\node.exe C:\Users\Administrador\AppData\Roaming\npm\node_modules\firebase-tools\lib\bin\firebase.js serve
[debug] [2021-03-31T15:02:44.992Z] CLI Version:   9.6.1
[debug] [2021-03-31T15:02:44.992Z] Platform:      win32
[debug] [2021-03-31T15:02:44.992Z] Node Version:  v12.21.0
[debug] [2021-03-31T15:02:44.993Z] Time:          Wed Mar 31 2021 10:02:44 GMT-0500 (GMT-05:00)
[debug] [2021-03-31T15:02:44.993Z] ----------------------------------------------------------------------
[debug] [2021-03-31T15:02:44.993Z] 
[debug] [2021-03-31T15:02:44.999Z] > command requires scopes: ["email","openid","https://www.googleapis.com/auth/cloudplatformprojects.readonly","https://www.googleapis.com/auth/firebase","https://www.googleapis.com/auth/cloud-platform"]
[debug] [2021-03-31T15:02:45.000Z] > authorizing via signed-in user
[debug] [2021-03-31T15:02:45.000Z] [iam] checking project corporacionaquaperu for permissions ["firebase.projects.get"]
[debug] [2021-03-31T15:02:45.002Z] > refreshing access token with scopes: ["email","https://www.googleapis.com/auth/cloud-platform","https://www.googleapis.com/auth/cloudplatformprojects.readonly","https://www.googleapis.com/auth/firebase","openid"]
[debug] [2021-03-31T15:02:45.002Z] >>> HTTP REQUEST POST https://www.googleapis.com/oauth2/v3/token  
 <request body omitted>
[debug] [2021-03-31T15:02:45.299Z] <<< HTTP RESPONSE 200 {"cache-control":"no-cache, no-store, max-age=0, must-revalidate","expires":"Mon, 01 Jan 1990 00:00:00 GMT","date":"Wed, 31 Mar 2021 15:02:44 GMT","pragma":"no-cache","content-type":"application/json; charset=utf-8","vary":"X-Origin, Referer, Origin,Accept-Encoding","server":"scaffolding on HTTPServer2","x-xss-protection":"0","x-frame-options":"SAMEORIGIN","x-content-type-options":"nosniff","alt-svc":"h3-29=\":443\"; ma=2592000,h3-T051=\":443\"; ma=2592000,h3-Q050=\":443\"; ma=2592000,h3-Q046=\":443\"; ma=2592000,h3-Q043=\":443\"; ma=2592000,quic=\":443\"; ma=2592000; v=\"46,43\"","accept-ranges":"none","transfer-encoding":"chunked"}
[debug] [2021-03-31T15:02:45.335Z] >>> HTTP REQUEST POST https://cloudresourcemanager.googleapis.com/v1/projects/corporacionaquaperu:testIamPermissions  
 {"permissions":["firebase.projects.get"]}
[debug] [2021-03-31T15:02:46.414Z] <<< HTTP RESPONSE 200 {"content-type":"application/json; charset=UTF-8","vary":"X-Origin, Referer, Origin,Accept-Encoding","date":"Wed, 31 Mar 2021 15:02:45 GMT","server":"ESF","cache-control":"private","x-xss-protection":"0","x-frame-options":"SAMEORIGIN","x-content-type-options":"nosniff","server-timing":"gfet4t7; dur=844","alt-svc":"h3-29=\":443\"; ma=2592000,h3-T051=\":443\"; ma=2592000,h3-Q050=\":443\"; ma=2592000,h3-Q046=\":443\"; ma=2592000,h3-Q043=\":443\"; ma=2592000,quic=\":443\"; ma=2592000; v=\"46,43\"","accept-ranges":"none","transfer-encoding":"chunked"}
[debug] [2021-03-31T15:02:46.419Z] > refreshing access token with scopes: []
[debug] [2021-03-31T15:02:46.419Z] >>> HTTP REQUEST POST https://www.googleapis.com/oauth2/v3/token  
 <request body omitted>
[debug] [2021-03-31T15:02:46.681Z] <<< HTTP RESPONSE 200 {"date":"Wed, 31 Mar 2021 15:02:45 GMT","cache-control":"no-cache, no-store, max-age=0, must-revalidate","pragma":"no-cache","expires":"Mon, 01 Jan 1990 00:00:00 GMT","content-type":"application/json; charset=utf-8","vary":"X-Origin, Referer, Origin,Accept-Encoding","server":"scaffolding on HTTPServer2","x-xss-protection":"0","x-frame-options":"SAMEORIGIN","x-content-type-options":"nosniff","alt-svc":"h3-29=\":443\"; ma=2592000,h3-T051=\":443\"; ma=2592000,h3-Q050=\":443\"; ma=2592000,h3-Q046=\":443\"; ma=2592000,h3-Q043=\":443\"; ma=2592000,quic=\":443\"; ma=2592000; v=\"46,43\"","accept-ranges":"none","transfer-encoding":"chunked"}
[debug] [2021-03-31T15:02:46.724Z] >>> [apiv2][query] GET https://firebase.googleapis.com/v1beta1/projects/corporacionaquaperu [none]
[debug] [2021-03-31T15:02:47.191Z] <<< [apiv2][status] GET https://firebase.googleapis.com/v1beta1/projects/corporacionaquaperu 200
[debug] [2021-03-31T15:02:47.192Z] <<< [apiv2][body] GET https://firebase.googleapis.com/v1beta1/projects/corporacionaquaperu {"projectId":"corporacionaquaperu","projectNumber":"586173362153","displayName":"corporacionaquaperu","name":"projects/corporacionaquaperu","resources":{"hostingSite":"corporacionaquaperu","realtimeDatabaseInstance":"corporacionaquaperu","storageBucket":"corporacionaquaperu.appspot.com","locationId":"us-central"},"state":"ACTIVE"}
[info] 
[info] === Serving from 'D:\gqr'...
[info] 
[info] +  functions: Using node@12 from host. {"metadata":{"emulator":{"name":"functions"},"message":"Using node@12 from host."}}
[debug] [2021-03-31T15:02:47.217Z] defaultcredentials: writing to file C:\Users\Administrador\AppData\Roaming\firebase\ingdantev_gmail_com_application_default_credentials.json
[debug] [2021-03-31T15:02:47.221Z] Setting GAC to C:\Users\Administrador\AppData\Roaming\firebase\ingdantev_gmail_com_application_default_credentials.json {"metadata":{"emulator":{"name":"functions"},"message":"Setting GAC to C:\\Users\\Administrador\\AppData\\Roaming\\firebase\\ingdantev_gmail_com_application_default_credentials.json"}}
[debug] [2021-03-31T15:02:47.222Z] >>> [apiv2][query] GET https://firebase.googleapis.com/v1beta1/projects/corporacionaquaperu/adminSdkConfig [none]
[debug] [2021-03-31T15:02:48.352Z] <<< [apiv2][status] GET https://firebase.googleapis.com/v1beta1/projects/corporacionaquaperu/adminSdkConfig 200
[debug] [2021-03-31T15:02:48.353Z] <<< [apiv2][body] GET https://firebase.googleapis.com/v1beta1/projects/corporacionaquaperu/adminSdkConfig {"projectId":"corporacionaquaperu","databaseURL":"https://corporacionaquaperu.firebaseio.com","storageBucket":"corporacionaquaperu.appspot.com","locationId":"us-central"}
[info] i  functions: Watching "D:\gqr\functions" for Cloud Functions... {"metadata":{"emulator":{"name":"functions"},"message":"Watching \"D:\\gqr\\functions\" for Cloud Functions..."}}
[debug] [2021-03-31T15:02:48.425Z] [worker-pool] addWorker(~diagnostic~) {"metadata":{"emulator":{"name":"functions"},"message":"[worker-pool] addWorker(~diagnostic~)"}}
[debug] [2021-03-31T15:02:48.426Z] [worker-pool] Adding worker with key ~diagnostic~, total=1 {"metadata":{"emulator":{"name":"functions"},"message":"[worker-pool] Adding worker with key ~diagnostic~, total=1"}}
[debug] [2021-03-31T15:02:48.426Z] [worker-pool] submitWork(triggerId=) {"metadata":{"emulator":{"name":"functions"},"message":"[worker-pool] submitWork(triggerId=)"}}
[debug] [2021-03-31T15:02:48.426Z] [worker-~diagnostic~-a44fa4d7-b8ba-4cc1-9033-d9db533c0850]: Assigning socketPath: \\?\pipe\D:\gqr\functions\6588 {"metadata":{"emulator":{"name":"functions"},"message":"[worker-~diagnostic~-a44fa4d7-b8ba-4cc1-9033-d9db533c0850]: Assigning socketPath: \\\\?\\pipe\\D:\\gqr\\functions\\6588"}}
[debug] [2021-03-31T15:02:48.427Z] [worker-~diagnostic~-a44fa4d7-b8ba-4cc1-9033-d9db533c0850]: BUSY {"metadata":{"emulator":{"name":"functions"},"message":"[worker-~diagnostic~-a44fa4d7-b8ba-4cc1-9033-d9db533c0850]: BUSY"}}
[debug] [2021-03-31T15:02:48.646Z] [runtime-status] [6588] Functions runtime initialized. {"cwd":"D:\\gqr\\functions","node_version":"12.21.0"} {"metadata":{"emulator":{"name":"functions"},"message":"[runtime-status] [6588] Functions runtime initialized. {\"cwd\":\"D:\\\\gqr\\\\functions\",\"node_version\":\"12.21.0\"}"}}
[debug] [2021-03-31T15:02:48.646Z] [runtime-status] [6588] Disabled runtime features: undefined {"metadata":{"emulator":{"name":"functions"},"message":"[runtime-status] [6588] Disabled runtime features: undefined"}}
[debug] [2021-03-31T15:02:48.649Z] [runtime-status] [6588] Resolved module firebase-admin {"declared":true,"installed":true,"version":"9.5.0","resolution":"D:\\gqr\\functions\\node_modules\\firebase-admin\\lib\\index.js"} {"metadata":{"emulator":{"name":"functions"},"message":"[runtime-status] [6588] Resolved module firebase-admin {\"declared\":true,\"installed\":true,\"version\":\"9.5.0\",\"resolution\":\"D:\\\\gqr\\\\functions\\\\node_modules\\\\firebase-admin\\\\lib\\\\index.js\"}"}}
[debug] [2021-03-31T15:02:48.650Z] [runtime-status] [6588] Resolved module firebase-functions {"declared":true,"installed":true,"version":"3.13.2","resolution":"D:\\gqr\\functions\\node_modules\\firebase-functions\\lib\\index.js"} {"metadata":{"emulator":{"name":"functions"},"message":"[runtime-status] [6588] Resolved module firebase-functions {\"declared\":true,\"installed\":true,\"version\":\"3.13.2\",\"resolution\":\"D:\\\\gqr\\\\functions\\\\node_modules\\\\firebase-functions\\\\lib\\\\index.js\"}"}}
[debug] [2021-03-31T15:02:48.651Z] [runtime-status] [6588] Resolved module firebase-functions {"declared":true,"installed":true,"version":"3.13.2","resolution":"D:\\gqr\\functions\\node_modules\\firebase-functions\\lib\\index.js"} {"metadata":{"emulator":{"name":"functions"},"message":"[runtime-status] [6588] Resolved module firebase-functions {\"declared\":true,\"installed\":true,\"version\":\"3.13.2\",\"resolution\":\"D:\\\\gqr\\\\functions\\\\node_modules\\\\firebase-functions\\\\lib\\\\index.js\"}"}}
[debug] [2021-03-31T15:02:48.652Z] [runtime-status] [6588] Outgoing network have been stubbed. [{"name":"http","status":"mocked"},{"name":"http","status":"mocked"},{"name":"https","status":"mocked"},{"name":"https","status":"mocked"},{"name":"net","status":"mocked"}] {"metadata":{"emulator":{"name":"functions"},"message":"[runtime-status] [6588] Outgoing network have been stubbed. [{\"name\":\"http\",\"status\":\"mocked\"},{\"name\":\"http\",\"status\":\"mocked\"},{\"name\":\"https\",\"status\":\"mocked\"},{\"name\":\"https\",\"status\":\"mocked\"},{\"name\":\"net\",\"status\":\"mocked\"}]"}}
[debug] [2021-03-31T15:02:48.653Z] [runtime-status] [6588] Resolved module firebase-functions {"declared":true,"installed":true,"version":"3.13.2","resolution":"D:\\gqr\\functions\\node_modules\\firebase-functions\\lib\\index.js"} {"metadata":{"emulator":{"name":"functions"},"message":"[runtime-status] [6588] Resolved module firebase-functions {\"declared\":true,\"installed\":true,\"version\":\"3.13.2\",\"resolution\":\"D:\\\\gqr\\\\functions\\\\node_modules\\\\firebase-functions\\\\lib\\\\index.js\"}"}}
[debug] [2021-03-31T15:02:48.694Z] [runtime-status] [6588] Checked functions.config() {"config":{}} {"metadata":{"emulator":{"name":"functions"},"message":"[runtime-status] [6588] Checked functions.config() {\"config\":{}}"}}
[debug] [2021-03-31T15:02:48.695Z] [runtime-status] [6588] firebase-functions has been stubbed. {"functionsResolution":{"declared":true,"installed":true,"version":"3.13.2","resolution":"D:\\gqr\\functions\\node_modules\\firebase-functions\\lib\\index.js"}} {"metadata":{"emulator":{"name":"functions"},"message":"[runtime-status] [6588] firebase-functions has been stubbed. {\"functionsResolution\":{\"declared\":true,\"installed\":true,\"version\":\"3.13.2\",\"resolution\":\"D:\\\\gqr\\\\functions\\\\node_modules\\\\firebase-functions\\\\lib\\\\index.js\"}}"}}
[debug] [2021-03-31T15:02:48.695Z] [runtime-status] [6588] Resolved module firebase-functions {"declared":true,"installed":true,"version":"3.13.2","resolution":"D:\\gqr\\functions\\node_modules\\firebase-functions\\lib\\index.js"} {"metadata":{"emulator":{"name":"functions"},"message":"[runtime-status] [6588] Resolved module firebase-functions {\"declared\":true,\"installed\":true,\"version\":\"3.13.2\",\"resolution\":\"D:\\\\gqr\\\\functions\\\\node_modules\\\\firebase-functions\\\\lib\\\\index.js\"}"}}
[debug] [2021-03-31T15:02:48.696Z] [runtime-status] [6588] Resolved module firebase-admin {"declared":true,"installed":true,"version":"9.5.0","resolution":"D:\\gqr\\functions\\node_modules\\firebase-admin\\lib\\index.js"} {"metadata":{"emulator":{"name":"functions"},"message":"[runtime-status] [6588] Resolved module firebase-admin {\"declared\":true,\"installed\":true,\"version\":\"9.5.0\",\"resolution\":\"D:\\\\gqr\\\\functions\\\\node_modules\\\\firebase-admin\\\\lib\\\\index.js\"}"}}
[debug] [2021-03-31T15:02:48.697Z] [runtime-status] [6588] Resolved module firebase-functions {"declared":true,"installed":true,"version":"3.13.2","resolution":"D:\\gqr\\functions\\node_modules\\firebase-functions\\lib\\index.js"} {"metadata":{"emulator":{"name":"functions"},"message":"[runtime-status] [6588] Resolved module firebase-functions {\"declared\":true,\"installed\":true,\"version\":\"3.13.2\",\"resolution\":\"D:\\\\gqr\\\\functions\\\\node_modules\\\\firebase-functions\\\\lib\\\\index.js\"}"}}
[debug] [2021-03-31T15:02:48.697Z] [runtime-status] [6588] firebase-admin has been stubbed. {"adminResolution":{"declared":true,"installed":true,"version":"9.5.0","resolution":"D:\\gqr\\functions\\node_modules\\firebase-admin\\lib\\index.js"}} {"metadata":{"emulator":{"name":"functions"},"message":"[runtime-status] [6588] firebase-admin has been stubbed. {\"adminResolution\":{\"declared\":true,\"installed\":true,\"version\":\"9.5.0\",\"resolution\":\"D:\\\\gqr\\\\functions\\\\node_modules\\\\firebase-admin\\\\lib\\\\index.js\"}}"}}
[warn] !  Error: Unable to infer GraphQL type from TypeScript reflection system. You need to provide explicit type for 'id' of 'User' class.
    at Object.findType (D:\gqr\functions\node_modules\type-graphql\dist\helpers\findType.js:19:15)
    at D:\gqr\functions\node_modules\type-graphql\dist\decorators\Field.js:16:53
    at DecorateProperty (D:\gqr\functions\node_modules\reflect-metadata\Reflect.js:553:33)
    at Object.decorate (D:\gqr\functions\node_modules\reflect-metadata\Reflect.js:123:24)
    at __decorate (D:\gqr\functions\lib\graphql\resolvers\user\userInput\userInput.js:4:92)
    at Object.<anonymous> (D:\gqr\functions\lib\graphql\resolvers\user\userInput\userInput.js:23:1)
    at Module._compile (internal/modules/cjs/loader.js:999:30)
    at Object.Module._extensions..js (internal/modules/cjs/loader.js:1027:10)
    at Module.load (internal/modules/cjs/loader.js:863:32)
    at Function.Module._load (internal/modules/cjs/loader.js:708:14) {"metadata":{"emulator":{"name":"functions"},"message":"Error: Unable to infer GraphQL type from TypeScript reflection system. You need to provide explicit type for 'id' of 'User' class.\n    at Object.findType (D:\\gqr\\functions\\node_modules\\type-graphql\\dist\\helpers\\findType.js:19:15)\n    at D:\\gqr\\functions\\node_modules\\type-graphql\\dist\\decorators\\Field.js:16:53\n    at DecorateProperty (D:\\gqr\\functions\\node_modules\\reflect-metadata\\Reflect.js:553:33)\n    at Object.decorate (D:\\gqr\\functions\\node_modules\\reflect-metadata\\Reflect.js:123:24)\n    at __decorate (D:\\gqr\\functions\\lib\\graphql\\resolvers\\user\\userInput\\userInput.js:4:92)\n    at Object.<anonymous> (D:\\gqr\\functions\\lib\\graphql\\resolvers\\user\\userInput\\userInput.js:23:1)\n    at Module._compile (internal/modules/cjs/loader.js:999:30)\n    at Object.Module._extensions..js (internal/modules/cjs/loader.js:1027:10)\n    at Module.load (internal/modules/cjs/loader.js:863:32)\n    at Function.Module._load (internal/modules/cjs/loader.js:708:14)"}}
[warn] !  We were unable to load your functions code. (see above)
   - You may be able to run "npm run build" in your functions directory to resolve this. {"metadata":{"emulator":{"name":"functions"}}}
[debug] [2021-03-31T15:02:49.184Z] [worker-~diagnostic~-a44fa4d7-b8ba-4cc1-9033-d9db533c0850]: exited {"metadata":{"emulator":{"name":"functions"},"message":"[worker-~diagnostic~-a44fa4d7-b8ba-4cc1-9033-d9db533c0850]: exited"}}
[debug] [2021-03-31T15:02:49.184Z] [worker-~diagnostic~-a44fa4d7-b8ba-4cc1-9033-d9db533c0850]: FINISHED {"metadata":{"emulator":{"name":"functions"},"message":"[worker-~diagnostic~-a44fa4d7-b8ba-4cc1-9033-d9db533c0850]: FINISHED"}}
